<?xml version="1.0" encoding="UTF-8"?>
<!--suppress JpaConfigDomFacetInspection -->
<persistence version="2.0" xmlns="http://java.sun.com/xml/ns/persistence"
             xmlns:xsi="http://www.w3.org/2001/XMLSchema-instance"
             xsi:schemaLocation="
        http://java.sun.com/xml/ns/persistence
        http://java.sun.com/xml/ns/persistence/persistence_2_0.xsd">
    <persistence-unit name="test">
        <jta-data-source>jdbc/arquillian</jta-data-source>
        <properties>
            <property name="javax.persistence.schema-generation.drop-source" value="script-then-metadata"/>
            <property name="javax.persistence.schema-generation.drop-script-source" value="META-INF/sql/drop_script.sql"/>
            <property name="javax.persistence.schema-generation.create-source" value="metadata-then-script"/>
            <property name="javax.persistence.schema-generation.create-script-source" value="META-INF/sql/create_script.sql"/>
            <property name="javax.persistence.sql-load-script-source" value="META-INF/sql/insert_data.sql"/>
            <property name="javax.persistence.schema-generation.database.action" value="drop-and-create"/>
            <property name="eclipselink.logging.level.sql" value="FINE"/>
            <property name="eclipselink.logging.parameters" value="true"/>
        </properties>
    </persistence-unit>
</persistence>